<?xml version="1.0" encoding="utf-8"?><testsuites name="pytest tests"><testsuite name="pytest" errors="0" failures="0" skipped="0" tests="16" time="9.093" timestamp="2026-02-18T10:02:32.018939+00:00" hostname="agent-env-1ff0f987-ff85-4b1d-9070-bd46b56d512a"><testcase classname="tests.test_cashflow_projections.TestAuthentication" name="test_login_success" time="0.452" /><testcase classname="tests.test_cashflow_projections.TestAuthentication" name="test_login_invalid_credentials" time="0.120" /><testcase classname="tests.test_cashflow_projections.TestAuthentication" name="test_auth_me_with_token" time="0.448" /><testcase classname="tests.test_cashflow_projections.TestTransactions" name="test_get_transactions" time="0.445" /><testcase classname="tests.test_cashflow_projections.TestTransactions" name="test_transactions_have_recurring_fields" time="0.443" /><testcase classname="tests.test_cashflow_projections.TestTransactions" name="test_create_recurring_transaction" time="0.764" /><testcase classname="tests.test_cashflow_projections.TestTransactions" name="test_create_twice_monthly_transaction" time="0.842" /><testcase classname="tests.test_cashflow_projections.TestProjectionsAPI" name="test_projections_endpoint_returns_200" time="0.646" /><testcase classname="tests.test_cashflow_projections.TestProjectionsAPI" name="test_projections_data_structure" time="0.625" /><testcase classname="tests.test_cashflow_projections.TestProjectionsAPI" name="test_projections_has_6_months" time="0.630" /><testcase classname="tests.test_cashflow_projections.TestProjectionsAPI" name="test_projections_account_structure" time="0.603" /><testcase classname="tests.test_cashflow_projections.TestProjectionsAPI" name="test_projections_grand_totals_structure" time="0.615" /><testcase classname="tests.test_cashflow_projections.TestProjectionsAPI" name="test_projections_summary_structure" time="0.627" /><testcase classname="tests.test_cashflow_projections.TestProjectionsAPI" name="test_projections_calculations_correct" time="0.625" /><testcase classname="tests.test_cashflow_projections.TestDashboardEndpoints" name="test_dashboard_overview" time="0.450" /><testcase classname="tests.test_cashflow_projections.TestDashboardEndpoints" name="test_dashboard_total_cash" time="0.615" /></testsuite></testsuites>